<?xml version="1.0" encoding="UTF-8"?>
<!-- Generated by org.testng.reporters.JUnitReportReporter -->
<testsuite skipped="0" hostname="esh" name="testCases.TC01" tests="1" failures="0" timestamp="2020-05-25T22:37:16 CDT" time="13.365" errors="0">
  <testcase name="test01" time="13.365" classname="testCases.TC01"/>
  <system-out/>
</testsuite> <!-- testCases.TC01 -->
